Building...
C:\Program Files\dotnet\sdk\8.0.317\Sdks\Microsoft.NET.Sdk\targets\Microsoft.NET.EolTargetFrameworks.targets(32,5): warning NETSDK1138: The target framework 'net7.0' is out of support and will not receive security updates in the future. Please refer to https://aka.ms/dotnet-core-support for more information about the support policy. [C:\Users\User\Desktop\klaud\CloudApp\GatewayService\GatewayService.csproj]
C:\Program Files\dotnet\sdk\8.0.317\Sdks\Microsoft.NET.Sdk\targets\Microsoft.NET.EolTargetFrameworks.targets(32,5): warning NETSDK1138: The target framework 'net7.0' is out of support and will not receive security updates in the future. Please refer to https://aka.ms/dotnet-core-support for more information about the support policy. [C:\Users\User\Desktop\klaud\CloudApp\GatewayService\GatewayService.csproj]
C:\Program Files\dotnet\sdk\8.0.317\Sdks\Microsoft.NET.Sdk\targets\Microsoft.NET.EolTargetFrameworks.targets(32,5): warning NETSDK1138: The target framework 'net7.0' is out of support and will not receive security updates in the future. Please refer to https://aka.ms/dotnet-core-support for more information about the support policy. [C:\Users\User\Desktop\klaud\CloudApp\GatewayService\GatewayService.csproj]
C:\Program Files\dotnet\sdk\8.0.317\Sdks\Microsoft.NET.Sdk\targets\Microsoft.NET.RuntimeIdentifierInference.targets(251,5): warning NETSDK1201: For projects targeting .NET 8.0 and higher, specifying a RuntimeIdentifier will no longer produce a self contained app by default. To continue building self-contained apps, set the SelfContained property to true or use the --self-contained argument. [C:\Users\User\Desktop\klaud\CloudApp\GatewayService\GatewayService.csproj]
C:\Users\User\Desktop\klaud\CloudApp\GatewayService\Models\LoginRequest.cs(5,23): warning CS8618: Non-nullable property 'Username' must contain a non-null value when exiting constructor. Consider declaring the property as nullable. [C:\Users\User\Desktop\klaud\CloudApp\GatewayService\GatewayService.csproj]
C:\Users\User\Desktop\klaud\CloudApp\GatewayService\Models\LoginRequest.cs(6,23): warning CS8618: Non-nullable property 'Password' must contain a non-null value when exiting constructor. Consider declaring the property as nullable. [C:\Users\User\Desktop\klaud\CloudApp\GatewayService\GatewayService.csproj]
C:\Users\User\Desktop\klaud\CloudApp\GatewayService\Models\User.cs(5,23): warning CS8618: Non-nullable property 'Id' must contain a non-null value when exiting constructor. Consider declaring the property as nullable. [C:\Users\User\Desktop\klaud\CloudApp\GatewayService\GatewayService.csproj]
C:\Users\User\Desktop\klaud\CloudApp\GatewayService\Models\User.cs(6,23): warning CS8618: Non-nullable property 'Username' must contain a non-null value when exiting constructor. Consider declaring the property as nullable. [C:\Users\User\Desktop\klaud\CloudApp\GatewayService\GatewayService.csproj]
C:\Users\User\Desktop\klaud\CloudApp\GatewayService\Models\User.cs(7,23): warning CS8618: Non-nullable property 'Password' must contain a non-null value when exiting constructor. Consider declaring the property as nullable. [C:\Users\User\Desktop\klaud\CloudApp\GatewayService\GatewayService.csproj]
Unhandled exception. System.DllNotFoundException: Unable to load DLL 'FabricRuntime.dll' or one of its dependencies: The paging file is too small for this operation to complete. (0x800705AF)
   at System.Fabric.Interop.NativeRuntime.FabricBeginGetNodeContext(UInt32 timeoutMilliseconds, IFabricAsyncOperationCallback callback)
   at System.Fabric.FabricRuntime.NativeFabricRuntimeFactory.GetNodeContextBeginWrapper(TimeSpan timeout, IFabricAsyncOperationCallback callback)
   at System.Fabric.FabricRuntime.NativeFabricRuntimeFactory.<>c__DisplayClass5_0.<GetNodeContextAsync>b__0(IFabricAsyncOperationCallback callback)
   at System.Fabric.Interop.AsyncCallOutAdapter2`1.Start(CancellationToken cancellationToken)
   at System.Fabric.Interop.AsyncCallOutAdapter2`1.WrapNativeAsyncInvoke(String functionTag, Func`2 beginFunc, Func`2 endFunc, InteropExceptionTracePolicy tracePolicy, CancellationToken cancellationToken, Boolean runContinuationsAsynchronously)
   at System.Fabric.Interop.Utility.WrapNativeAsyncInvoke[TResult](Func`2 beginFunc, Func`2 endFunc, InteropExceptionTracePolicy tracePolicy, CancellationToken cancellationToken, Boolean runContinuationsAsynchronously, String functionTag)
   at System.Fabric.Interop.Utility.WrapNativeAsyncInvoke[TResult](Func`2 beginFunc, Func`2 endFunc, InteropExceptionTracePolicy tracePolicy, CancellationToken cancellationToken, String functionTag)
   at System.Fabric.Interop.Utility.<>c__DisplayClass20_0`1.<WrapNativeAsyncInvokeInMTA>b__0()
   at System.Fabric.Interop.Utility.RunInMTA[TResult](Func`1 func)
   at System.Fabric.Interop.Utility.WrapNativeAsyncInvokeInMTA[TResult](Func`2 beginFunc, Func`2 endFunc, InteropExceptionTracePolicy tracePolicy, CancellationToken cancellationToken, String functionTag)
   at System.Fabric.Interop.Utility.WrapNativeAsyncInvokeInMTA[TResult](Func`2 beginFunc, Func`2 endFunc, CancellationToken cancellationToken, String functionTag)
   at System.Fabric.FabricRuntime.NativeFabricRuntimeFactory.GetNodeContextAsync(TimeSpan timeout, CancellationToken cancellationToken)
   at System.Fabric.FabricRuntime.GetNodeContextAsync(TimeSpan timeout, CancellationToken cancellationToken)
   at Microsoft.ServiceFabric.Services.Runtime.RuntimeContext.GetOrCreateAsync(TimeSpan timeout, CancellationToken cancellationToken)
   at Microsoft.ServiceFabric.Services.Runtime.ServiceRuntime.RegisterServiceAsync(String serviceTypeName, Func`2 serviceFactory, TimeSpan timeout, CancellationToken cancellationToken)
   at GatewayService.Program.Main() in C:\Users\User\Desktop\klaud\CloudApp\GatewayService\Program.cs:line 16
